WARNING 2026-03-29 14:38:39,087 log 1 127142809564864 Not Found: /api/health/
WARNING 2026-03-29 14:39:09,323 log 1 127142809564864 Not Found: /api/health/
WARNING 2026-03-29 14:39:39,548 log 1 127142809564864 Not Found: /api/health/
WARNING 2026-03-29 14:40:09,769 log 1 127142809564864 Not Found: /api/health/
WARNING 2026-03-29 14:40:39,965 log 1 127142809564864 Not Found: /api/health/
WARNING 2026-03-29 14:41:10,164 log 1 127142809564864 Not Found: /api/health/
WARNING 2026-03-29 14:41:40,369 log 1 127142809564864 Not Found: /api/health/
WARNING 2026-03-29 14:42:10,564 log 1 127142809564864 Not Found: /api/health/
ERROR 2026-03-29 14:42:13,513 log 1 127142809564864 Internal Server Error: /login/
Traceback (most recent call last):
  File "/usr/local/lib/python3.11/site-packages/asgiref/sync.py", line 557, in thread_handler
    raise exc_info[1]
  File "/usr/local/lib/python3.11/site-packages/django/core/handlers/exception.py", line 42, in inner
    response = await get_response(request)
               ^^^^^^^^^^^^^^^^^^^^^^^^^^^
  File "/usr/local/lib/python3.11/site-packages/asgiref/sync.py", line 557, in thread_handler
    raise exc_info[1]
  File "/usr/local/lib/python3.11/site-packages/django/core/handlers/base.py", line 253, in _get_response_async
    response = await wrapped_callback(
               ^^^^^^^^^^^^^^^^^^^^^^^
  File "/usr/local/lib/python3.11/site-packages/asgiref/sync.py", line 506, in __call__
    ret = await asyncio.shield(exec_coro)
          ^^^^^^^^^^^^^^^^^^^^^^^^^^^^^^^
  File "/usr/local/lib/python3.11/concurrent/futures/thread.py", line 58, in run
    result = self.fn(*self.args, **self.kwargs)
             ^^^^^^^^^^^^^^^^^^^^^^^^^^^^^^^^^^
  File "/usr/local/lib/python3.11/site-packages/asgiref/sync.py", line 561, in thread_handler
    return func(*args, **kwargs)
           ^^^^^^^^^^^^^^^^^^^^^
  File "/app/mision_emprende_backend/views.py", line 9, in login_view
    return render(request, 'login.html')
           ^^^^^^^^^^^^^^^^^^^^^^^^^^^^^
  File "/usr/local/lib/python3.11/site-packages/django/shortcuts.py", line 25, in render
    content = loader.render_to_string(template_name, context, request, using=using)
              ^^^^^^^^^^^^^^^^^^^^^^^^^^^^^^^^^^^^^^^^^^^^^^^^^^^^^^^^^^^^^^^^^^^^^
  File "/usr/local/lib/python3.11/site-packages/django/template/loader.py", line 61, in render_to_string
    template = get_template(template_name, using=using)
               ^^^^^^^^^^^^^^^^^^^^^^^^^^^^^^^^^^^^^^^^
  File "/usr/local/lib/python3.11/site-packages/django/template/loader.py", line 19, in get_template
    raise TemplateDoesNotExist(template_name, chain=chain)
django.template.exceptions.TemplateDoesNotExist: login.html
WARNING 2026-03-29 14:42:13,971 log 1 127142809564864 Not Found: /favicon.ico
WARNING 2026-03-29 14:42:40,788 log 1 127142809564864 Not Found: /api/health/
WARNING 2026-03-29 14:43:11,020 log 1 127142809564864 Not Found: /api/health/
WARNING 2026-03-29 14:43:41,224 log 1 127142809564864 Not Found: /api/health/
WARNING 2026-03-29 14:44:11,433 log 1 127142809564864 Not Found: /api/health/
WARNING 2026-03-29 14:44:41,636 log 1 127142809564864 Not Found: /api/health/
WARNING 2026-03-29 14:45:11,875 log 1 127142809564864 Not Found: /api/health/
WARNING 2026-03-29 14:45:42,094 log 1 127142809564864 Not Found: /api/health/
WARNING 2026-03-29 14:46:12,303 log 1 127142809564864 Not Found: /api/health/
WARNING 2026-03-29 14:46:42,539 log 1 127142809564864 Not Found: /api/health/
WARNING 2026-03-29 14:47:12,739 log 1 127142809564864 Not Found: /api/health/
WARNING 2026-03-29 14:47:42,946 log 1 127142809564864 Not Found: /api/health/
WARNING 2026-03-29 14:48:13,171 log 1 127142809564864 Not Found: /api/health/
WARNING 2026-03-29 14:48:43,382 log 1 127142809564864 Not Found: /api/health/
WARNING 2026-03-29 14:49:13,583 log 1 127142809564864 Not Found: /api/health/
WARNING 2026-03-29 14:49:43,792 log 1 127142809564864 Not Found: /api/health/
WARNING 2026-03-29 14:50:14,019 log 1 127142809564864 Not Found: /api/health/
WARNING 2026-03-29 14:50:44,212 log 1 127142809564864 Not Found: /api/health/
WARNING 2026-03-29 14:51:14,417 log 1 127142809564864 Not Found: /api/health/
WARNING 2026-03-29 14:51:44,616 log 1 127142809564864 Not Found: /api/health/
WARNING 2026-03-29 14:52:14,870 log 1 127142809564864 Not Found: /api/health/
WARNING 2026-03-29 14:52:45,129 log 1 127142809564864 Not Found: /api/health/
WARNING 2026-03-29 14:53:15,412 log 1 127142809564864 Not Found: /api/health/
WARNING 2026-03-29 14:53:45,614 log 1 127142809564864 Not Found: /api/health/
WARNING 2026-03-29 14:54:15,824 log 1 127142809564864 Not Found: /api/health/
WARNING 2026-03-29 14:54:46,102 log 1 127142809564864 Not Found: /api/health/
WARNING 2026-03-29 14:55:16,311 log 1 127142809564864 Not Found: /api/health/
WARNING 2026-03-29 14:55:46,536 log 1 127142809564864 Not Found: /api/health/
WARNING 2026-03-29 14:56:16,777 log 1 127142809564864 Not Found: /api/health/
WARNING 2026-03-29 14:56:46,986 log 1 127142809564864 Not Found: /api/health/
WARNING 2026-03-29 14:57:17,212 log 1 127142809564864 Not Found: /api/health/
WARNING 2026-03-29 14:57:47,440 log 1 127142809564864 Not Found: /api/health/
WARNING 2026-03-29 14:58:17,690 log 1 127142809564864 Not Found: /api/health/
WARNING 2026-03-29 14:58:47,914 log 1 127142809564864 Not Found: /api/health/
WARNING 2026-03-29 14:59:18,166 log 1 127142809564864 Not Found: /api/health/
WARNING 2026-03-29 14:59:48,391 log 1 127142809564864 Not Found: /api/health/
WARNING 2026-03-29 15:00:00,665 log 1 127142809564864 Forbidden: /api/sessions/game-sessions/245/lobby/
WARNING 2026-03-29 15:00:00,719 log 1 127142809564864 Forbidden: /api/sessions/game-sessions/245/lobby/
WARNING 2026-03-29 15:00:01,646 log 1 127142809564864 Forbidden: /api/sessions/game-sessions/245/lobby/
WARNING 2026-03-29 15:00:05,081 log 1 127142809564864 Forbidden: /api/sessions/game-sessions/245/lobby/
WARNING 2026-03-29 15:00:05,660 log 1 127142809564864 Forbidden: /api/sessions/game-sessions/245/lobby/
WARNING 2026-03-29 15:00:06,651 log 1 127142809564864 Forbidden: /api/sessions/game-sessions/245/lobby/
WARNING 2026-03-29 15:00:18,649 log 1 127142809564864 Not Found: /api/health/
